09:48:38.360 DEBUG devpinoyLogger -Config property file loaded
09:48:38.374 DEBUG devpinoyLogger -Object property file loaded
09:48:38.378 ERROR utils.excel_reader -Sorry, something wrong!
java.io.FileNotFoundException: E:\Selenium_Training\WebdriverTest\src\main\java\com\way2automation\twitter\testdata\testdata.xlsx (The system cannot find the file specified)
	at java.io.FileInputStream.open0(Native Method) ~[?:1.8.0_121]
	at java.io.FileInputStream.open(Unknown Source) ~[?:1.8.0_121]
	at java.io.FileInputStream.<init>(Unknown Source) ~[?:1.8.0_121]
	at java.io.FileInputStream.<init>(Unknown Source) ~[?:1.8.0_121]
	at com.way2automation.twitter.utils.excel_reader.<init>(excel_reader.java:35) [classes/:?]
	at com.way2automation.twitter.core.testCore.init(testCore.java:69) [classes/:?]
	at sun.reflect.NativeMethodAccessorImpl.invoke0(Native Method) ~[?:1.8.0_121]
	at sun.reflect.NativeMethodAccessorImpl.invoke(Unknown Source) ~[?:1.8.0_121]
	at sun.reflect.DelegatingMethodAccessorImpl.invoke(Unknown Source) ~[?:1.8.0_121]
	at java.lang.reflect.Method.invoke(Unknown Source) ~[?:1.8.0_121]
	at org.testng.internal.MethodInvocationHelper.invokeMethod(MethodInvocationHelper.java:80) [testng-6.8.jar:?]
	at org.testng.internal.Invoker.invokeConfigurationMethod(Invoker.java:564) [testng-6.8.jar:?]
	at org.testng.internal.Invoker.invokeConfigurations(Invoker.java:213) [testng-6.8.jar:?]
	at org.testng.internal.Invoker.invokeConfigurations(Invoker.java:138) [testng-6.8.jar:?]
	at org.testng.SuiteRunner.privateRun(SuiteRunner.java:277) [testng-6.8.jar:?]
	at org.testng.SuiteRunner.run(SuiteRunner.java:240) [testng-6.8.jar:?]
	at org.testng.SuiteRunnerWorker.runSuite(SuiteRunnerWorker.java:52) [testng-6.8.jar:?]
	at org.testng.SuiteRunnerWorker.run(SuiteRunnerWorker.java:86) [testng-6.8.jar:?]
	at org.testng.TestNG.runSuitesSequentially(TestNG.java:1198) [testng-6.8.jar:?]
	at org.testng.TestNG.runSuitesLocally(TestNG.java:1123) [testng-6.8.jar:?]
	at org.testng.TestNG.run(TestNG.java:1031) [testng-6.8.jar:?]
	at org.testng.remote.AbstractRemoteTestNG.run(AbstractRemoteTestNG.java:132) [testng-remote.jar:?]
	at org.testng.remote.RemoteTestNG.initAndRun(RemoteTestNG.java:230) [testng-remote.jar:?]
	at org.testng.remote.RemoteTestNG.main(RemoteTestNG.java:76) [testng-remote.jar:?]
09:48:38.384 DEBUG devpinoyLogger -Excel file loaded
09:48:51.658 DEBUG devpinoyLogger -Firefox driver initialized
